[debug] [2023-03-11T20:37:05.090Z] ----------------------------------------------------------------------
[debug] [2023-03-11T20:37:05.092Z] Command:       C:\Program Files\nodejs\node.exe C:\Users\soija\AppData\Roaming\npm\node_modules\firebase-tools\lib\bin\firebase.js login
[debug] [2023-03-11T20:37:05.092Z] CLI Version:   11.24.1
[debug] [2023-03-11T20:37:05.093Z] Platform:      win32
[debug] [2023-03-11T20:37:05.093Z] Node Version:  v18.12.1
[debug] [2023-03-11T20:37:05.093Z] Time:          Sat Mar 11 2023 21:37:05 GMT+0100 (hora est치ndar de Europa central)
[debug] [2023-03-11T20:37:05.094Z] ----------------------------------------------------------------------
[debug] 
[debug] [2023-03-11T20:37:05.097Z] >>> [apiv2][query] GET https://firebase-public.firebaseio.com/cli.json [none]
[info] i  Firebase optionally collects CLI and Emulator Suite usage and error reporting information to help improve our products. Data is collected in accordance with Google's privacy policy (https://policies.google.com/privacy) and is not used to identify you.
 
[debug] [2023-03-11T20:37:05.612Z] <<< [apiv2][status] GET https://firebase-public.firebaseio.com/cli.json 200
[debug] [2023-03-11T20:37:05.613Z] <<< [apiv2][body] GET https://firebase-public.firebaseio.com/cli.json {"cloudBuildErrorAfter":1594252800000,"cloudBuildWarnAfter":1590019200000,"defaultNode10After":1594252800000,"minVersion":"3.0.5","node8DeploysDisabledAfter":1613390400000,"node8RuntimeDisabledAfter":1615809600000,"node8WarnAfter":1600128000000}
[info] i  To change your data collection preference at any time, run `firebase logout` and log in again. 
[info] 
[info] Visit this URL on this device to log in:
[info] https://accounts.google.com/o/oauth2/auth?client_id=563584335869-fgrhgmd47bqnekij5i8b5pr03ho849e6.apps.googleusercontent.com&scope=email%20openid%20https%3A%2F%2Fwww.googleapis.com%2Fauth%2Fcloudplatformprojects.readonly%20https%3A%2F%2Fwww.googleapis.com%2Fauth%2Ffirebase%20https%3A%2F%2Fwww.googleapis.com%2Fauth%2Fcloud-platform&response_type=code&state=1060623530&redirect_uri=http%3A%2F%2Flocalhost%3A9005
[info] 
[info] Waiting for authentication...
[debug] [2023-03-11T20:37:13.458Z] Error: spawn cmd ENOENT
    at ChildProcess._handle.onexit (node:internal/child_process:283:19)
    at onErrorNT (node:internal/child_process:476:16)
    at process.processTicksAndRejections (node:internal/process/task_queues:82:21)
[error] 
[error] Error: An unexpected error has occurred.
[debug] [2023-03-11T20:37:40.753Z] ----------------------------------------------------------------------
[debug] [2023-03-11T20:37:40.755Z] Command:       C:\Program Files\nodejs\node.exe C:\Users\soija\AppData\Roaming\npm\node_modules\firebase-tools\lib\bin\firebase.js login
[debug] [2023-03-11T20:37:40.755Z] CLI Version:   11.24.1
[debug] [2023-03-11T20:37:40.755Z] Platform:      win32
[debug] [2023-03-11T20:37:40.755Z] Node Version:  v18.12.1
[debug] [2023-03-11T20:37:40.756Z] Time:          Sat Mar 11 2023 21:37:40 GMT+0100 (hora est치ndar de Europa central)
[debug] [2023-03-11T20:37:40.756Z] ----------------------------------------------------------------------
[debug] 
[info] i  Firebase optionally collects CLI and Emulator Suite usage and error reporting information to help improve our products. Data is collected in accordance with Google's privacy policy (https://policies.google.com/privacy) and is not used to identify you.
 
[info] i  To change your data collection preference at any time, run `firebase logout` and log in again. 
[info] 
[info] Visit this URL on this device to log in:
[info] https://accounts.google.com/o/oauth2/auth?client_id=563584335869-fgrhgmd47bqnekij5i8b5pr03ho849e6.apps.googleusercontent.com&scope=email%20openid%20https%3A%2F%2Fwww.googleapis.com%2Fauth%2Fcloudplatformprojects.readonly%20https%3A%2F%2Fwww.googleapis.com%2Fauth%2Ffirebase%20https%3A%2F%2Fwww.googleapis.com%2Fauth%2Fcloud-platform&response_type=code&state=385505789&redirect_uri=http%3A%2F%2Flocalhost%3A9005
[info] 
[info] Waiting for authentication...
[debug] [2023-03-11T20:37:49.151Z] Error: spawn cmd ENOENT
    at ChildProcess._handle.onexit (node:internal/child_process:283:19)
    at onErrorNT (node:internal/child_process:476:16)
    at process.processTicksAndRejections (node:internal/process/task_queues:82:21)
[error] 
[error] Error: An unexpected error has occurred.
[debug] [2023-03-11T20:37:53.848Z] ----------------------------------------------------------------------
[debug] [2023-03-11T20:37:53.850Z] Command:       C:\Program Files\nodejs\node.exe C:\Users\soija\AppData\Roaming\npm\node_modules\firebase-tools\lib\bin\firebase.js login
[debug] [2023-03-11T20:37:53.851Z] CLI Version:   11.24.1
[debug] [2023-03-11T20:37:53.851Z] Platform:      win32
[debug] [2023-03-11T20:37:53.851Z] Node Version:  v18.12.1
[debug] [2023-03-11T20:37:53.852Z] Time:          Sat Mar 11 2023 21:37:53 GMT+0100 (hora est치ndar de Europa central)
[debug] [2023-03-11T20:37:53.852Z] ----------------------------------------------------------------------
[debug] 
[info] i  Firebase optionally collects CLI and Emulator Suite usage and error reporting information to help improve our products. Data is collected in accordance with Google's privacy policy (https://policies.google.com/privacy) and is not used to identify you.
 
[info] 
[info] Visit this URL on this device to log in:
[info] https://accounts.google.com/o/oauth2/auth?client_id=563584335869-fgrhgmd47bqnekij5i8b5pr03ho849e6.apps.googleusercontent.com&scope=email%20openid%20https%3A%2F%2Fwww.googleapis.com%2Fauth%2Fcloudplatformprojects.readonly%20https%3A%2F%2Fwww.googleapis.com%2Fauth%2Ffirebase%20https%3A%2F%2Fwww.googleapis.com%2Fauth%2Fcloud-platform&response_type=code&state=63390871&redirect_uri=http%3A%2F%2Flocalhost%3A9005
[info] 
[info] Waiting for authentication...
[debug] [2023-03-11T20:37:55.499Z] Error: spawn cmd ENOENT
    at ChildProcess._handle.onexit (node:internal/child_process:283:19)
    at onErrorNT (node:internal/child_process:476:16)
    at process.processTicksAndRejections (node:internal/process/task_queues:82:21)
[error] 
[error] Error: An unexpected error has occurred.
[debug] [2023-03-11T20:38:07.927Z] ----------------------------------------------------------------------
[debug] [2023-03-11T20:38:07.929Z] Command:       C:\Program Files\nodejs\node.exe C:\Users\soija\AppData\Roaming\npm\node_modules\firebase-tools\lib\bin\firebase.js login
[debug] [2023-03-11T20:38:07.929Z] CLI Version:   11.24.1
[debug] [2023-03-11T20:38:07.929Z] Platform:      win32
[debug] [2023-03-11T20:38:07.929Z] Node Version:  v18.12.1
[debug] [2023-03-11T20:38:07.930Z] Time:          Sat Mar 11 2023 21:38:07 GMT+0100 (hora est치ndar de Europa central)
[debug] [2023-03-11T20:38:07.930Z] ----------------------------------------------------------------------
[debug] 
[info] i  Firebase optionally collects CLI and Emulator Suite usage and error reporting information to help improve our products. Data is collected in accordance with Google's privacy policy (https://policies.google.com/privacy) and is not used to identify you.
 
[info] 
[info] Visit this URL on this device to log in:
[info] https://accounts.google.com/o/oauth2/auth?client_id=563584335869-fgrhgmd47bqnekij5i8b5pr03ho849e6.apps.googleusercontent.com&scope=email%20openid%20https%3A%2F%2Fwww.googleapis.com%2Fauth%2Fcloudplatformprojects.readonly%20https%3A%2F%2Fwww.googleapis.com%2Fauth%2Ffirebase%20https%3A%2F%2Fwww.googleapis.com%2Fauth%2Fcloud-platform&response_type=code&state=291345989&redirect_uri=http%3A%2F%2Flocalhost%3A9005
[info] 
[info] Waiting for authentication...
[debug] [2023-03-11T20:38:10.325Z] Error: spawn cmd ENOENT
    at ChildProcess._handle.onexit (node:internal/child_process:283:19)
    at onErrorNT (node:internal/child_process:476:16)
    at process.processTicksAndRejections (node:internal/process/task_queues:82:21)
[error] 
[error] Error: An unexpected error has occurred.
